"C:\Program Files\JetBrains\CLion 2018.3.4\bin\cmake\win\bin\cmake.exe" -DCMAKE_BUILD_TYPE=Debug -G "CodeBlocks - NMake Makefiles" "D:\Documents\CPP作业\MyCPPExperiment\上机实验\2018-2019-2 实验\实验2 王程飞 201806061219"
-- The C compiler identification is MSVC 19.16.27027.1
-- The CXX compiler identification is MSVC 19.16.27027.1
-- Check for working C compiler: C:/Program Files (x86)/Microsoft Visual Studio/2017/Community/VC/Tools/MSVC/14.16.27023/bin/Hostx86/x86/cl.exe
-- Check for working C compiler: C:/Program Files (x86)/Microsoft Visual Studio/2017/Community/VC/Tools/MSVC/14.16.27023/bin/Hostx86/x86/cl.exe -- broken
CMake Error at C:/Program Files/JetBrains/CLion 2018.3.4/bin/cmake/win/share/cmake-3.13/Modules/CMakeTestCCompiler.cmake:52 (message):
  The C compiler

    "C:/Program Files (x86)/Microsoft Visual Studio/2017/Community/VC/Tools/MSVC/14.16.27023/bin/Hostx86/x86/cl.exe"

  is not able to compile a simple test program.

  It fails with the following output:

    Change Dir: D:/Documents/CPP浣滀笟/MyCPPExperiment/涓婃満瀹為獙/2018-2019-2 瀹為獙/瀹為獙2 鐜嬬▼椋� 201806061219/cmake-build-debug/CMakeFiles/CMakeTmp
    
    Run Build Command:"nmake" "/nologo" "cmTC_cb272\fast"
    	"C:\Program Files (x86)\Microsoft Visual Studio\2017\Community\VC\Tools\MSVC\14.16.27023\bin\HostX86\x86\nmake.exe" -f CMakeFiles\cmTC_cb272.dir\build.make /nologo -L                  CMakeFiles\cmTC_cb272.dir\build
    Building C object CMakeFiles/cmTC_cb272.dir/testCCompiler.c.obj
    	C:\PROGRA~2\MICROS~1\2017\COMMUN~1\VC\Tools\MSVC\1416~1.270\bin\Hostx86\x86\cl.exe @C:\Users\15331\AppData\Local\Temp\nm6CAC.tmp
    testCCompiler.c
    Linking C executable cmTC_cb272.exe
    	"C:\Program Files\JetBrains\CLion 2018.3.4\bin\cmake\win\bin\cmake.exe" -E vs_link_exe --intdir=CMakeFiles\cmTC_cb272.dir --manifests  -- C:\PROGRA~2\MICROS~1\2017\COMMUN~1\VC\Tools\MSVC\1416~1.270\bin\Hostx86\x86\link.exe /nologo @CMakeFiles\cmTC_cb272.dir\objects1.rsp @C:\Users\15331\AppData\Local\Temp\nm6D2A.tmp
    LINK Pass 1: command "C:\PROGRA~2\MICROS~1\2017\COMMUN~1\VC\Tools\MSVC\1416~1.270\bin\Hostx86\x86\link.exe /nologo @CMakeFiles\cmTC_cb272.dir\objects1.rsp /out:cmTC_cb272.exe /implib:cmTC_cb272.lib /pdb:D:\Documents\CPP???\MyCPPExperiment\??????\2018-2019-2 ???\???2 ????? 201806061219\cmake-build-debug\CMakeFiles\CMakeTmp\cmTC_cb272.pdb /version:0.0 /machine:X86 /debug /INCREMENTAL /subsystem:console kernel32.lib user32.lib gdi32.lib winspool.lib shell32.lib ole32.lib oleaut32.lib uuid.lib comdlg32.lib advapi32.lib /MANIFEST /MANIFESTFILE:CMakeFiles\cmTC_cb272.dir/intermediate.manifest CMakeFiles\cmTC_cb272.dir/manifest.res" failed (exit code 1201) with the following output:
    LINK : fatal error LNK1201: 鍐欏叆绋嬪簭鏁版嵁搴撯�淒:\Documents\CPP???\MyCPPExperiment\??????\2018-2019-2 ???\???2 ????? 201806061219\cmake-build-debug\CMakeFiles\CMakeTmp\cmTC_cb272.pdb鈥濇椂鍑洪敊锛涜妫�鏌ユ槸鍚︽槸纾佺洏绌洪棿涓嶈冻銆佽矾寰勬棤鏁堟垨鏉冮檺涓嶅
    NMAKE : fatal error U1077: 鈥�"C:\Program Files\JetBrains\CLion 2018.3.4\bin\cmake\win\bin\cmake.exe"鈥�: 杩斿洖浠ｇ爜鈥�0xffffffff鈥�
    Stop.
    NMAKE : fatal error U1077: 鈥�"C:\Program Files (x86)\Microsoft Visual Studio\2017\Community\VC\Tools\MSVC\14.16.27023\bin\HostX86\x86\nmake.exe"鈥�: 杩斿洖浠ｇ爜鈥�0x2鈥�
    Stop.
    

  

  CMake will not be able to correctly generate this project.
Call Stack (most recent call first):
  CMakeLists.txt:2 (project)


-- Configuring incomplete, errors occurred!
See also "D:/Documents/CPP浣滀笟/MyCPPExperiment/涓婃満瀹為獙/2018-2019-2 瀹為獙/瀹為獙2 鐜嬬▼椋� 201806061219/cmake-build-debug/CMakeFiles/CMakeOutput.log".
See also "D:/Documents/CPP浣滀笟/MyCPPExperiment/涓婃満瀹為獙/2018-2019-2 瀹為獙/瀹為獙2 鐜嬬▼椋� 201806061219/cmake-build-debug/CMakeFiles/CMakeError.log".
